# JRE version: OpenJDK Runtime Environment (8.0_161-b14) (build 1.8.0_161-b14)
# Java VM: OpenJDK 64-Bit Server VM (25.161-b14 mixed mode linux-amd64 compressed oops)
Heap:
 par new generation   total 36288K, used 34598K [0x00000000c0000000, 0x00000000c2750000, 0x00000000ca660000)
  eden space 32320K,  97% used [0x00000000c0000000, 0x00000000c1ee0bd8, 0x00000000c1f90000)
  from space 3968K,  75% used [0x00000000c2370000, 0x00000000c2658cf8, 0x00000000c2750000)
  to   space 3968K,   0% used [0x00000000c1f90000, 0x00000000c1f90000, 0x00000000c2370000)
 concurrent mark-sweep generation total 371676K, used 244575K [0x00000000ca660000, 0x00000000e1157000, 0x0000000100000000)
 Metaspace       used 145388K, capacity 147417K, committed 147528K, reserved 1177600K
  class space    used 19551K, capacity 19972K, committed 20040K, reserved 1048576K
GC Heap History (10 events):
Event: 580.092 GC heap before
{Heap before GC invocations=180 (full 9):
 par new generation   total 36288K, used 34928K [0x00000000c0000000, 0x00000000c2750000, 0x00000000ca660000)
  eden space 32320K, 100% used [0x00000000c0000000, 0x00000000c1f90000, 0x00000000c1f90000)
  from space 3968K,  65% used [0x00000000c1f90000, 0x00000000c221c358, 0x00000000c2370000)
  to   space 3968K,   0% used [0x00000000c2370000, 0x00000000c2370000, 0x00000000c2750000)
 concurrent mark-sweep generation total 371676K, used 255353K [0x00000000ca660000, 0x00000000e1157000, 0x0000000100000000)
 Metaspace       used 144942K, capacity 146997K, committed 147272K, reserved 1177600K
  class space    used 19518K, capacity 19940K, committed 20040K, reserved 1048576K
Event: 580.124 GC heap after
Heap after GC invocations=181 (full 9):
 par new generation   total 36288K, used 3675K [0x00000000c0000000, 0x00000000c2750000, 0x00000000ca660000)
  eden space 32320K,   0% used [0x00000000c0000000, 0x00000000c0000000, 0x00000000c1f90000)
  from space 3968K,  92% used [0x00000000c2370000, 0x00000000c2706ee8, 0x00000000c2750000)
  to   space 3968K,   0% used [0x00000000c1f90000, 0x00000000c1f90000, 0x00000000c2370000)
 concurrent mark-sweep generation total 371676K, used 255548K [0x00000000ca660000, 0x00000000e1157000, 0x0000000100000000)
 Metaspace       used 144942K, capacity 146997K, committed 147272K, reserved 1177600K
  class space    used 19518K, capacity 19940K, committed 20040K, reserved 1048576K
}
Event: 581.198 GC heap before
{Heap before GC invocations=181 (full 9):
 par new generation   total 36288K, used 35995K [0x00000000c0000000, 0x00000000c2750000, 0x00000000ca660000)
  eden space 32320K, 100% used [0x00000000c0000000, 0x00000000c1f90000, 0x00000000c1f90000)
  from space 3968K,  92% used [0x00000000c2370000, 0x00000000c2706ee8, 0x00000000c2750000)
  to   space 3968K,   0% used [0x00000000c1f90000, 0x00000000c1f90000, 0x00000000c2370000)
 concurrent mark-sweep generation total 371676K, used 255548K [0x00000000ca660000, 0x00000000e1157000, 0x0000000100000000)
 Metaspace       used 145030K, capacity 147125K, committed 147272K, reserved 1177600K
  class space    used 19520K, capacity 19940K, committed 20040K, reserved 1048576K
Event: 581.244 GC heap after
Heap after GC invocations=182 (full 9):
 par new generation   total 36288K, used 3968K [0x00000000c0000000, 0x00000000c2750000, 0x00000000ca660000)
  eden space 32320K,   0% used [0x00000000c0000000, 0x00000000c0000000, 0x00000000c1f90000)
  from space 3968K, 100% used [0x00000000c1f90000, 0x00000000c2370000, 0x00000000c2370000)
  to   space 3968K,   0% used [0x00000000c2370000, 0x00000000c2370000, 0x00000000c2750000)
 concurrent mark-sweep generation total 371676K, used 256031K [0x00000000ca660000, 0x00000000e1157000, 0x0000000100000000)
 Metaspace       used 145030K, capacity 147125K, committed 147272K, reserved 1177600K
  class space    used 19520K, capacity 19940K, committed 20040K, reserved 1048576K
}
Event: 583.368 GC heap before
{Heap before GC invocations=182 (full 9):
 par new generation   total 36288K, used 36288K [0x00000000c0000000, 0x00000000c2750000, 0x00000000ca660000)
  eden space 32320K, 100% used [0x00000000c0000000, 0x00000000c1f90000, 0x00000000c1f90000)
  from space 3968K, 100% used [0x00000000c1f90000, 0x00000000c2370000, 0x00000000c2370000)
  to   space 3968K,   0% used [0x00000000c2370000, 0x00000000c2370000, 0x00000000c2750000)
 concurrent mark-sweep generation total 371676K, used 256031K [0x00000000ca660000, 0x00000000e1157000, 0x0000000100000000)
 Metaspace       used 145113K, capacity 147157K, committed 147272K, reserved 1177600K
  class space    used 19535K, capacity 19972K, committed 20040K, reserved 1048576K
Event: 583.688 GC heap after
Heap after GC invocations=183 (full 9):
 par new generation   total 36288K, used 2846K [0x00000000c0000000, 0x00000000c2750000, 0x00000000ca660000)
  eden space 32320K,   0% used [0x00000000c0000000, 0x00000000c0000000, 0x00000000c1f90000)
  from space 3968K,  71% used [0x00000000c2370000, 0x00000000c2637a88, 0x00000000c2750000)
  to   space 3968K,   0% used [0x00000000c1f90000, 0x00000000c1f90000, 0x00000000c2370000)
 concurrent mark-sweep generation total 371676K, used 258356K [0x00000000ca660000, 0x00000000e1157000, 0x0000000100000000)
 Metaspace       used 145113K, capacity 147157K, committed 147272K, reserved 1177600K
  class space    used 19535K, capacity 19972K, committed 20040K, reserved 1048576K
}
Event: 595.532 GC heap before
{Heap before GC invocations=183 (full 9):
 par new generation   total 36288K, used 35166K [0x00000000c0000000, 0x00000000c2750000, 0x00000000ca660000)
  eden space 32320K, 100% used [0x00000000c0000000, 0x00000000c1f90000, 0x00000000c1f90000)
  from space 3968K,  71% used [0x00000000c2370000, 0x00000000c2637a88, 0x00000000c2750000)
  to   space 3968K,   0% used [0x00000000c1f90000, 0x00000000c1f90000, 0x00000000c2370000)
 concurrent mark-sweep generation total 371676K, used 258356K [0x00000000ca660000, 0x00000000e1157000, 0x0000000100000000)
 Metaspace       used 145139K, capacity 147221K, committed 147528K, reserved 1177600K
  class space    used 19540K, capacity 19972K, committed 20040K, reserved 1048576K
Event: 596.336 GC heap after
Heap after GC invocations=184 (full 9):
 par new generation   total 36288K, used 2861K [0x00000000c0000000, 0x00000000c2750000, 0x00000000ca660000)
  eden space 32320K,   0% used [0x00000000c0000000, 0x00000000c0000000, 0x00000000c1f90000)
  from space 3968K,  72% used [0x00000000c1f90000, 0x00000000c225b648, 0x00000000c2370000)
  to   space 3968K,   0% used [0x00000000c2370000, 0x00000000c2370000, 0x00000000c2750000)
 concurrent mark-sweep generation total 371676K, used 258356K [0x00000000ca660000, 0x00000000e1157000, 0x0000000100000000)
 Metaspace       used 145139K, capacity 147221K, committed 147528K, reserved 1177600K
  class space    used 19540K, capacity 19972K, committed 20040K, reserved 1048576K
}
Event: 642.239 GC heap before
{Heap before GC invocations=184 (full 9):
 par new generation   total 36288K, used 35181K [0x00000000c0000000, 0x00000000c2750000, 0x00000000ca660000)
  eden space 32320K, 100% used [0x00000000c0000000, 0x00000000c1f90000, 0x00000000c1f90000)
  from space 3968K,  72% used [0x00000000c1f90000, 0x00000000c225b648, 0x00000000c2370000)
  to   space 3968K,   0% used [0x00000000c2370000, 0x00000000c2370000, 0x00000000c2750000)
 concurrent mark-sweep generation total 371676K, used 258356K [0x00000000ca660000, 0x00000000e1157000, 0x0000000100000000)
 Metaspace       used 145334K, capacity 147417K, committed 147528K, reserved 1177600K
  class space    used 19551K, capacity 19972K, committed 20040K, reserved 1048576K
Event: 643.133 GC heap after
Heap after GC invocations=185 (full 9):
 par new generation   total 36288K, used 2979K [0x00000000c0000000, 0x00000000c2750000, 0x00000000ca660000)
  eden space 32320K,   0% used [0x00000000c0000000, 0x00000000c0000000, 0x00000000c1f90000)
  from space 3968K,  75% used [0x00000000c2370000, 0x00000000c2658cf8, 0x00000000c2750000)
  to   space 3968K,   0% used [0x00000000c1f90000, 0x00000000c1f90000, 0x00000000c2370000)
 concurrent mark-sweep generation total 371676K, used 260373K [0x00000000ca660000, 0x00000000e1157000, 0x0000000100000000)
 Metaspace       used 145334K, capacity 147417K, committed 147528K, reserved 1177600K
  class space    used 19551K, capacity 19972K, committed 20040K, reserved 1048576K
}

