# JRE version: OpenJDK Runtime Environment (8.0_161-b14) (build 1.8.0_161-b14)
# Java VM: OpenJDK 64-Bit Server VM (25.161-b14 mixed mode linux-amd64 compressed oops)
Heap:
 par new generation   total 36288K, used 2415K [0x00000000c0000000, 0x00000000c2750000, 0x00000000ca660000)
  eden space 32320K,   1% used [0x00000000c0000000, 0x00000000c0088938, 0x00000000c1f90000)
  from space 3968K,  47% used [0x00000000c2370000, 0x00000000c2543668, 0x00000000c2750000)
  to   space 3968K,   0% used [0x00000000c1f90000, 0x00000000c1f90000, 0x00000000c2370000)
 concurrent mark-sweep generation total 284092K, used 198500K [0x00000000ca660000, 0x00000000dbbcf000, 0x0000000100000000)
 Metaspace       used 130982K, capacity 131717K, committed 132168K, reserved 1163264K
  class space    used 17517K, capacity 17698K, committed 17736K, reserved 1048576K
GC Heap History (10 events):
Event: 206.330 GC heap before
{Heap before GC invocations=124 (full 7):
 par new generation   total 36288K, used 35063K [0x00000000c0000000, 0x00000000c2750000, 0x00000000ca660000)
  eden space 32320K, 100% used [0x00000000c0000000, 0x00000000c1f90000, 0x00000000c1f90000)
  from space 3968K,  69% used [0x00000000c1f90000, 0x00000000c223dc80, 0x00000000c2370000)
  to   space 3968K,   0% used [0x00000000c2370000, 0x00000000c2370000, 0x00000000c2750000)
 concurrent mark-sweep generation total 284092K, used 179992K [0x00000000ca660000, 0x00000000dbbcf000, 0x0000000100000000)
 Metaspace       used 126790K, capacity 127373K, committed 128200K, reserved 1161216K
  class space    used 16796K, capacity 16973K, committed 17096K, reserved 1048576K
Event: 206.363 GC heap after
Heap after GC invocations=125 (full 7):
 par new generation   total 36288K, used 2815K [0x00000000c0000000, 0x00000000c2750000, 0x00000000ca660000)
  eden space 32320K,   0% used [0x00000000c0000000, 0x00000000c0000000, 0x00000000c1f90000)
  from space 3968K,  70% used [0x00000000c2370000, 0x00000000c262fea8, 0x00000000c2750000)
  to   space 3968K,   0% used [0x00000000c1f90000, 0x00000000c1f90000, 0x00000000c2370000)
 concurrent mark-sweep generation total 284092K, used 180508K [0x00000000ca660000, 0x00000000dbbcf000, 0x0000000100000000)
 Metaspace       used 126790K, capacity 127373K, committed 128200K, reserved 1161216K
  class space    used 16796K, capacity 16973K, committed 17096K, reserved 1048576K
}
Event: 207.891 GC heap before
{Heap before GC invocations=125 (full 7):
 par new generation   total 36288K, used 33997K [0x00000000c0000000, 0x00000000c2750000, 0x00000000ca660000)
  eden space 32320K,  96% used [0x00000000c0000000, 0x00000000c1e73648, 0x00000000c1f90000)
  from space 3968K,  70% used [0x00000000c2370000, 0x00000000c262fea8, 0x00000000c2750000)
  to   space 3968K,   0% used [0x00000000c1f90000, 0x00000000c1f90000, 0x00000000c2370000)
 concurrent mark-sweep generation total 284092K, used 180508K [0x00000000ca660000, 0x00000000dbbcf000, 0x0000000100000000)
 Metaspace       used 127866K, capacity 128447K, committed 129352K, reserved 1161216K
  class space    used 16966K, capacity 17137K, committed 17224K, reserved 1048576K
Event: 208.086 GC heap after
Heap after GC invocations=126 (full 7):
 par new generation   total 36288K, used 3207K [0x00000000c0000000, 0x00000000c2750000, 0x00000000ca660000)
  eden space 32320K,   0% used [0x00000000c0000000, 0x00000000c0000000, 0x00000000c1f90000)
  from space 3968K,  80% used [0x00000000c1f90000, 0x00000000c22b1ce8, 0x00000000c2370000)
  to   space 3968K,   0% used [0x00000000c2370000, 0x00000000c2370000, 0x00000000c2750000)
 concurrent mark-sweep generation total 284092K, used 180818K [0x00000000ca660000, 0x00000000dbbcf000, 0x0000000100000000)
 Metaspace       used 127866K, capacity 128447K, committed 129352K, reserved 1161216K
  class space    used 16966K, capacity 17137K, committed 17224K, reserved 1048576K
}
Event: 209.504 GC heap before
{Heap before GC invocations=126 (full 7):
 par new generation   total 36288K, used 35527K [0x00000000c0000000, 0x00000000c2750000, 0x00000000ca660000)
  eden space 32320K, 100% used [0x00000000c0000000, 0x00000000c1f90000, 0x00000000c1f90000)
  from space 3968K,  80% used [0x00000000c1f90000, 0x00000000c22b1ce8, 0x00000000c2370000)
  to   space 3968K,   0% used [0x00000000c2370000, 0x00000000c2370000, 0x00000000c2750000)
 concurrent mark-sweep generation total 284092K, used 180818K [0x00000000ca660000, 0x00000000dbbcf000, 0x0000000100000000)
 Metaspace       used 128958K, capacity 129505K, committed 130248K, reserved 1163264K
  class space    used 17145K, capacity 17308K, committed 17352K, reserved 1048576K
Event: 209.536 GC heap after
Heap after GC invocations=127 (full 7):
 par new generation   total 36288K, used 3080K [0x00000000c0000000, 0x00000000c2750000, 0x00000000ca660000)
  eden space 32320K,   0% used [0x00000000c0000000, 0x00000000c0000000, 0x00000000c1f90000)
  from space 3968K,  77% used [0x00000000c2370000, 0x00000000c2672050, 0x00000000c2750000)
  to   space 3968K,   0% used [0x00000000c1f90000, 0x00000000c1f90000, 0x00000000c2370000)
 concurrent mark-sweep generation total 284092K, used 181352K [0x00000000ca660000, 0x00000000dbbcf000, 0x0000000100000000)
 Metaspace       used 128958K, capacity 129505K, committed 130248K, reserved 1163264K
  class space    used 17145K, capacity 17308K, committed 17352K, reserved 1048576K
}
Event: 210.722 GC heap before
{Heap before GC invocations=127 (full 7):
 par new generation   total 36288K, used 35400K [0x00000000c0000000, 0x00000000c2750000, 0x00000000ca660000)
  eden space 32320K, 100% used [0x00000000c0000000, 0x00000000c1f90000, 0x00000000c1f90000)
  from space 3968K,  77% used [0x00000000c2370000, 0x00000000c2672050, 0x00000000c2750000)
  to   space 3968K,   0% used [0x00000000c1f90000, 0x00000000c1f90000, 0x00000000c2370000)
 concurrent mark-sweep generation total 284092K, used 181352K [0x00000000ca660000, 0x00000000dbbcf000, 0x0000000100000000)
 Metaspace       used 130255K, capacity 130983K, committed 131528K, reserved 1163264K
  class space    used 17391K, capacity 17581K, committed 17608K, reserved 1048576K
Event: 210.741 GC heap after
Heap after GC invocations=128 (full 7):
 par new generation   total 36288K, used 2606K [0x00000000c0000000, 0x00000000c2750000, 0x00000000ca660000)
  eden space 32320K,   0% used [0x00000000c0000000, 0x00000000c0000000, 0x00000000c1f90000)
  from space 3968K,  65% used [0x00000000c1f90000, 0x00000000c221bb78, 0x00000000c2370000)
  to   space 3968K,   0% used [0x00000000c2370000, 0x00000000c2370000, 0x00000000c2750000)
 concurrent mark-sweep generation total 284092K, used 181709K [0x00000000ca660000, 0x00000000dbbcf000, 0x0000000100000000)
 Metaspace       used 130255K, capacity 130983K, committed 131528K, reserved 1163264K
  class space    used 17391K, capacity 17581K, committed 17608K, reserved 1048576K
}
Event: 222.107 GC heap before
{Heap before GC invocations=128 (full 7):
 par new generation   total 36288K, used 34926K [0x00000000c0000000, 0x00000000c2750000, 0x00000000ca660000)
  eden space 32320K, 100% used [0x00000000c0000000, 0x00000000c1f90000, 0x00000000c1f90000)
  from space 3968K,  65% used [0x00000000c1f90000, 0x00000000c221bb78, 0x00000000c2370000)
  to   space 3968K,   0% used [0x00000000c2370000, 0x00000000c2370000, 0x00000000c2750000)
 concurrent mark-sweep generation total 284092K, used 181709K [0x00000000ca660000, 0x00000000dbbcf000, 0x0000000100000000)
 Metaspace       used 130958K, capacity 131693K, committed 132168K, reserved 1163264K
  class space    used 17513K, capacity 17694K, committed 17736K, reserved 1048576K
Event: 222.226 GC heap after
Heap after GC invocations=129 (full 7):
 par new generation   total 36288K, used 1869K [0x00000000c0000000, 0x00000000c2750000, 0x00000000ca660000)
  eden space 32320K,   0% used [0x00000000c0000000, 0x00000000c0000000, 0x00000000c1f90000)
  from space 3968K,  47% used [0x00000000c2370000, 0x00000000c2543668, 0x00000000c2750000)
  to   space 3968K,   0% used [0x00000000c1f90000, 0x00000000c1f90000, 0x00000000c2370000)
 concurrent mark-sweep generation total 284092K, used 198937K [0x00000000ca660000, 0x00000000dbbcf000, 0x0000000100000000)
 Metaspace       used 130958K, capacity 131693K, committed 132168K, reserved 1163264K
  class space    used 17513K, capacity 17694K, committed 17736K, reserved 1048576K
}

